\BOOKMARK [1][-]{section.1}{\376\377\000I\000n\000t\000r\000o\000d\000u\000c\000t\000i\000o\000n}{}% 1
\BOOKMARK [1][-]{section.2}{\376\377\000Q\000u\000i\000c\000k\000\040\000s\000t\000a\000r\000t\000\040\000g\000u\000i\000d\000e}{}% 2
\BOOKMARK [2][-]{subsection.2.1}{\376\377\000C\000o\000n\000t\000a\000i\000n\000e\000r\000\040\000s\000e\000t\000u\000p}{section.2}% 3
\BOOKMARK [3][-]{subsubsection.2.1.1}{\376\377\000S\000t\000a\000n\000d\000a\000l\000o\000n\000e\000\040\000D\000o\000c\000k\000e\000r\000\040\000c\000o\000n\000t\000a\000i\000n\000e\000r}{subsection.2.1}% 4
\BOOKMARK [3][-]{subsubsection.2.1.2}{\376\377\000H\000o\000m\000e\000\040\000A\000s\000s\000i\000s\000t\000a\000n\000t\000\040\000a\000d\000d\000-\000o\000n}{subsection.2.1}% 5
\BOOKMARK [2][-]{subsection.2.2}{\376\377\000C\000o\000n\000t\000a\000i\000n\000e\000r\000\040\000s\000e\000t\000t\000i\000n\000g\000s}{section.2}% 6
\BOOKMARK [2][-]{subsection.2.3}{\376\377\000N\000S\000P\000a\000n\000e\000l\000\040\000f\000l\000a\000s\000h\000i\000n\000g}{section.2}% 7
\BOOKMARK [3][-]{subsubsection.2.3.1}{\376\377\000F\000l\000a\000s\000h\000i\000n\000g\000\040\000w\000i\000t\000h\000\040\000E\000s\000p\000r\000e\000s\000s\000i\000f\000\040\000E\000S\000P\0003\0002\000\040\000D\000O\000W\000N\000L\000O\000A\000D\000E\000R\000\040\000T\000O\000O\000L\000\040\000\050\000W\000i\000n\000d\000o\000w\000s\000\040\000o\000n\000l\000y\000\051}{subsection.2.3}% 8
\BOOKMARK [3][-]{subsubsection.2.3.2}{\376\377\000F\000l\000a\000s\000h\000i\000n\000g\000\040\000w\000i\000t\000h\000\040\000E\000S\000P\000t\000o\000o\000l\000\040\000\050\000a\000l\000l\000\040\000o\000p\000e\000r\000a\000t\000i\000n\000g\000\040\000s\000y\000s\000t\000e\000m\000s\000\051}{subsection.2.3}% 9
\BOOKMARK [2][-]{subsection.2.4}{\376\377\000N\000S\000P\000a\000n\000e\000l\000\040\000c\000o\000n\000f\000i\000g\000u\000r\000a\000t\000i\000o\000n}{section.2}% 10
\BOOKMARK [1][-]{section.3}{\376\377\000N\000S\000P\000a\000n\000e\000l\000\040\000M\000a\000n\000a\000g\000e\000r\000\040\000w\000e\000b\000\040\000i\000n\000t\000e\000r\000f\000a\000c\000e}{}% 11
\BOOKMARK [2][-]{subsection.3.1}{\376\377\000F\000i\000r\000s\000t\000\040\000p\000a\000g\000e}{section.3}% 12
\BOOKMARK [2][-]{subsection.3.2}{\376\377\000N\000S\000P\000a\000n\000e\000l\000\040\000p\000a\000g\000e}{section.3}% 13
\BOOKMARK [2][-]{subsection.3.3}{\376\377\000R\000o\000o\000m\000\040\000p\000a\000g\000e}{section.3}% 14
\BOOKMARK [3][-]{subsubsection.3.3.1}{\376\377\000S\000c\000e\000n\000e\000s}{subsection.3.3}% 15
\BOOKMARK [3][-]{subsubsection.3.3.2}{\376\377\000L\000i\000g\000h\000t\000s}{subsection.3.3}% 16
\BOOKMARK [1][-]{section.4}{\376\377\000P\000a\000n\000e\000l\000\040\000f\000u\000n\000c\000t\000i\000o\000n\000s}{}% 17
\BOOKMARK [2][-]{subsection.4.1}{\376\377\000M\000a\000i\000n\000\040\000p\000a\000g\000e\000\040\000l\000o\000g\000i\000c}{section.4}% 18
\BOOKMARK [3][-]{subsubsection.4.1.1}{\376\377\000O\000n\000e\000\040\000o\000r\000\040\000m\000o\000r\000e\000\040\000l\000i\000g\000h\000t\000s\000\040\000o\000n}{subsection.4.1}% 19
\BOOKMARK [3][-]{subsubsection.4.1.2}{\376\377\000N\000o\000\040\000l\000i\000g\000h\000t\000s\000\040\000o\000n}{subsection.4.1}% 20
\BOOKMARK [3][-]{subsubsection.4.1.3}{\376\377\000L\000o\000c\000k\000\040\000m\000o\000d\000e}{subsection.4.1}% 21
\BOOKMARK [1][-]{section.5}{\376\377\000L\000o\000g\000s}{}% 22
\BOOKMARK [1][-]{section.6}{\376\377\000A\000d\000v\000a\000n\000c\000e\000d\000\040\000s\000e\000t\000u\000p}{}% 23
\BOOKMARK [2][-]{subsection.6.1}{\376\377\000M\000a\000n\000u\000a\000l\000\040\000D\000o\000c\000k\000e\000r\000\040\000c\000o\000n\000t\000a\000i\000n\000e\000r\000\040\000s\000e\000t\000u\000p}{section.6}% 24
\BOOKMARK [1][-]{section.7}{\376\377\000F\000u\000n\000c\000t\000i\000o\000n\000a\000l\000\040\000i\000n\000f\000o\000r\000m\000a\000t\000i\000o\000n}{}% 25
\BOOKMARK [2][-]{subsection.7.1}{\376\377\000D\000a\000t\000a\000\040\000f\000l\000o\000w}{section.7}% 26
